<?xml version="1.0" encoding="UTF-8"?>
<!-- Generated by org.testng.reporters.JUnitReportReporter -->
<testsuite skipped="0" hostname="DESKTOP-VETKQS1" name="runner.RunLogin" tests="1" failures="0" timestamp="2021-04-20T14:25:50 IST" time="4.855" errors="0">
  <testcase name="runScenario" time="4.855" classname="runner.RunLogin"/>
  <system-out/>
</testsuite> <!-- runner.RunLogin -->
