<?xml version="1.0" encoding="UTF-8"?>
<!-- Generated by org.testng.reporters.JUnitReportReporter -->
<testsuite hostname="DESKTOP-VETKQS1" failures="0" tests="1" name="runner.RunLogin" time="19.276" errors="0" timestamp="2021-03-11T23:00:57 IST" skipped="0">
  <testcase classname="runner.RunLogin" name="runScenario" time="19.276"/>
  <system-out/>
</testsuite> <!-- runner.RunLogin -->
