<?xml version="1.0" encoding="UTF-8"?>
<!-- Generated by org.testng.reporters.JUnitReportReporter -->
<testsuite skipped="0" hostname="DESKTOP-VETKQS1" name="runner.RunLogin" tests="1" failures="0" timestamp="2021-03-15T22:40:55 IST" time="5.762" errors="0">
  <testcase name="runScenario" time="5.762" classname="runner.RunLogin"/>
  <system-out/>
</testsuite> <!-- runner.RunLogin -->
