<?xml version="1.0" encoding="UTF-8"?>
<!-- Generated by org.testng.reporters.JUnitReportReporter -->
<testsuite hostname="DESKTOP-VETKQS1" failures="0" tests="1" name="org.testFramework.TestWebDriver" time="16.675" errors="0" timestamp="02 Mar 2021 15:57:42 GMT" skipped="0">
  <testcase classname="org.testFramework.TestWebDriver" name="testBrowser" time="16.675"/>
</testsuite> <!-- org.testFramework.TestWebDriver -->
